<?xml version="1.0" encoding="UTF-8"?>
<!-- Generated by org.testng.reporters.JUnitReportReporter -->
<testsuite hostname="Sankaranarayanans-MacBook-Pro.local" name="com.phptravels.qa.testCases.LoginPageTest" tests="7" failures="0" timestamp="7 Nov 2019 18:04:53 GMT" time="174.183" errors="0">
  <testcase name="verifyLoginWithRemeberMe" time="19.248" classname="com.phptravels.qa.testCases.LoginPageTest"/>
  <testcase name="verifyLoginPageTitle" time="19.825" classname="com.phptravels.qa.testCases.LoginPageTest"/>
  <testcase name="verifyLoginWithoutRemeberMe" time="25.313" classname="com.phptravels.qa.testCases.LoginPageTest"/>
  <testcase name="verifyLoginPageTitle" time="21.188" classname="com.phptravels.qa.testCases.LoginPageTest"/>
  <testcase name="verifyLoginWithRemeberMe" time="21.806" classname="com.phptravels.qa.testCases.LoginPageTest"/>
  <testcase name="verifyLoginWithoutRemeberMe" time="33.232" classname="com.phptravels.qa.testCases.LoginPageTest"/>
  <testcase name="verifyLoginWithRemeberMe" time="33.571" classname="com.phptravels.qa.testCases.LoginPageTest"/>
</testsuite> <!-- com.phptravels.qa.testCases.LoginPageTest -->
